<?xml version="1.0" encoding="UTF-8"?>
<testsuite xmlns:xsi="http://www.w3.org/2001/XMLSchema-instance" xsi:noNamespaceSchemaLocation="https://maven.apache.org/surefire/maven-surefire-plugin/xsd/surefire-test-report-3.0.xsd" version="3.0" name="org.example.exo8.CucumberRunnerTest" time="1.43" tests="10" errors="0" skipped="0" failures="0">
  <properties>
[...]
</properties>
  <testcase name="Notification envoyée en cas de succès" classname="Notification de réservation" time="0.925"/>
  <testcase name="Notification non envoyée en cas d&apos;échec" classname="Notification de réservation" time="0.011"/>
  <testcase name="Réservation acceptée" classname="Réservation acceptée" time="0.02"/>
  <testcase name="Réservation acceptée à capacité maximale" classname="Réservation acceptée" time="0.007"/>
  <testcase name="Réservation acceptée si le créneau commence après une réservation existante" classname="Réservation acceptée" time="0.008"/>
  <testcase name="Réservation refusée si salle inconnue" classname="Réservation refusée" time="0.011"/>
  <testcase name="Réservation refusée si capacité insuffisante" classname="Réservation refusée" time="0.006"/>
  <testcase name="Réservation refusée si la date de fin est avant la date de début" classname="Réservation refusée" time="0.005"/>
  <testcase name="Réservation refusée si la date de fin est égale à la date de début" classname="Réservation refusée" time="0.006"/>
  <testcase name="Réservation refusée si conflit de réservation" classname="Réservation refusée" time="0.005"/>
</testsuite>