<?xml version="1.0" encoding="UTF-8"?>
<testsuite xmlns:xsi="http://www.w3.org/2001/XMLSchema-instance" xsi:noNamespaceSchemaLocation="https://maven.apache.org/surefire/maven-surefire-plugin/xsd/surefire-test-report-3.0.xsd" version="3.0" name="org.example.exo12.integration.ReservationIntegrationTest" time="0.957" tests="2" errors="0" skipped="0" failures="0">
  <properties>
[...]
</properties>
  <testcase name="full_reservation_lifecycle_create_get_cancel" classname="org.example.exo12.integration.ReservationIntegrationTest" time="0.215">
    <system-out><![CDATA[2026-06-12T15:22:15.560+02:00  INFO 145729 --- [exo12-meeting-rooms] [           main] t.c.s.AnnotationConfigContextLoaderUtils : Could not detect default configuration classes for test class [org.example.exo12.integration.ReservationIntegrationTest]: ReservationIntegrationTest does not declare any static, non-private, non-final, nested classes annotated with @Configuration.
2026-06-12T15:22:15.568+02:00  INFO 145729 --- [exo12-meeting-rooms] [           main] .b.t.c.SpringBootTestContextBootstrapper : Found @SpringBootConfiguration org.example.exo12.Exo12Application for test class org.example.exo12.integration.ReservationIntegrationTest

  .   ____          _            __ _ _
 /\\ / ___'_ __ _ _(_)_ __  __ _ \ \ \ \
( ( )\___ | '_ | '_| | '_ \/ _` | \ \ \ \
 \\/  ___)| |_)| | | | | || (_| |  ) ) ) )
  '  |____| .__|_| |_|_| |_\__, | / / / /
 =========|_|==============|___/=/_/_/_/
 :: Spring Boot ::                (v3.2.5)

2026-06-12T15:22:15.593+02:00  INFO 145729 --- [exo12-meeting-rooms] [           main] o.e.e.i.ReservationIntegrationTest       : Starting ReservationIntegrationTest using Java 17.0.2 with PID 145729 (started by teo in /home/teo/Documents/Ynov/M1/TestAndTU/exo_1_2/Exo12)
2026-06-12T15:22:15.593+02:00  INFO 145729 --- [exo12-meeting-rooms] [           main] o.e.e.i.ReservationIntegrationTest       : No active profile set, falling back to 1 default profile: "default"
2026-06-12T15:22:16.078+02:00  INFO 145729 --- [exo12-meeting-rooms] [           main] o.s.b.t.m.w.SpringBootMockServletContext : Initializing Spring TestDispatcherServlet ''
2026-06-12T15:22:16.078+02:00  INFO 145729 --- [exo12-meeting-rooms] [           main] o.s.t.web.servlet.TestDispatcherServlet  : Initializing Servlet ''
2026-06-12T15:22:16.079+02:00  INFO 145729 --- [exo12-meeting-rooms] [           main] o.s.t.web.servlet.TestDispatcherServlet  : Completed initialization in 1 ms
2026-06-12T15:22:16.083+02:00  INFO 145729 --- [exo12-meeting-rooms] [           main] o.e.e.i.ReservationIntegrationTest       : Started ReservationIntegrationTest in 0.51 seconds (process running for 5.02)

  .   ____          _            __ _ _
 /\\ / ___'_ __ _ _(_)_ __  __ _ \ \ \ \
( ( )\___ | '_ | '_| | '_ \/ _` | \ \ \ \
 \\/  ___)| |_)| | | | | || (_| |  ) ) ) )
  '  |____| .__|_| |_|_| |_\__, | / / / /
 =========|_|==============|___/=/_/_/_/
 :: Spring Boot ::                (v3.2.5)

2026-06-12T15:22:16.111+02:00  INFO 145729 --- [exo12-meeting-rooms] [           main] o.e.e.i.ReservationIntegrationTest       : Starting ReservationIntegrationTest using Java 17.0.2 with PID 145729 (started by teo in /home/teo/Documents/Ynov/M1/TestAndTU/exo_1_2/Exo12)
2026-06-12T15:22:16.111+02:00  INFO 145729 --- [exo12-meeting-rooms] [           main] o.e.e.i.ReservationIntegrationTest       : No active profile set, falling back to 1 default profile: "default"
2026-06-12T15:22:16.265+02:00  INFO 145729 --- [exo12-meeting-rooms] [           main] o.s.b.t.m.w.SpringBootMockServletContext : Initializing Spring TestDispatcherServlet ''
2026-06-12T15:22:16.265+02:00  INFO 145729 --- [exo12-meeting-rooms] [           main] o.s.t.web.servlet.TestDispatcherServlet  : Initializing Servlet ''
2026-06-12T15:22:16.265+02:00  INFO 145729 --- [exo12-meeting-rooms] [           main] o.s.t.web.servlet.TestDispatcherServlet  : Completed initialization in 0 ms
2026-06-12T15:22:16.269+02:00  INFO 145729 --- [exo12-meeting-rooms] [           main] o.e.e.i.ReservationIntegrationTest       : Started ReservationIntegrationTest in 0.18 seconds (process running for 5.205)
]]></system-out>
  </testcase>
  <testcase name="overlapping_reservation_returns_409" classname="org.example.exo12.integration.ReservationIntegrationTest" time="0.214">
    <system-out><![CDATA[
  .   ____          _            __ _ _
 /\\ / ___'_ __ _ _(_)_ __  __ _ \ \ \ \
( ( )\___ | '_ | '_| | '_ \/ _` | \ \ \ \
 \\/  ___)| |_)| | | | | || (_| |  ) ) ) )
  '  |____| .__|_| |_|_| |_\__, | / / / /
 =========|_|==============|___/=/_/_/_/
 :: Spring Boot ::                (v3.2.5)

2026-06-12T15:22:16.325+02:00  INFO 145729 --- [exo12-meeting-rooms] [           main] o.e.e.i.ReservationIntegrationTest       : Starting ReservationIntegrationTest using Java 17.0.2 with PID 145729 (started by teo in /home/teo/Documents/Ynov/M1/TestAndTU/exo_1_2/Exo12)
2026-06-12T15:22:16.325+02:00  INFO 145729 --- [exo12-meeting-rooms] [           main] o.e.e.i.ReservationIntegrationTest       : No active profile set, falling back to 1 default profile: "default"
2026-06-12T15:22:16.492+02:00  INFO 145729 --- [exo12-meeting-rooms] [           main] o.s.b.t.m.w.SpringBootMockServletContext : Initializing Spring TestDispatcherServlet ''
2026-06-12T15:22:16.492+02:00  INFO 145729 --- [exo12-meeting-rooms] [           main] o.s.t.web.servlet.TestDispatcherServlet  : Initializing Servlet ''
2026-06-12T15:22:16.493+02:00  INFO 145729 --- [exo12-meeting-rooms] [           main] o.s.t.web.servlet.TestDispatcherServlet  : Completed initialization in 1 ms
2026-06-12T15:22:16.497+02:00  INFO 145729 --- [exo12-meeting-rooms] [           main] o.e.e.i.ReservationIntegrationTest       : Started ReservationIntegrationTest in 0.193 seconds (process running for 5.433)
]]></system-out>
  </testcase>
</testsuite>